<?xml version="1.0" encoding="UTF-8"?>
<coverage generated="1705581653324" clover="3.2.0">
  <project timestamp="1705581653324" name="All files">
    <metrics statements="8" coveredstatements="3" conditionals="0" coveredconditionals="0" methods="2" coveredmethods="1" elements="10" coveredelements="4" complexity="0" loc="8" ncloc="8" packages="1" files="3" classes="3"/>
    <file name="App.tsx" path="C:\Users\Agil\Desktop\jest\advance-jest\src\App.tsx">
      <metrics statements="3" coveredstatements="3" conditionals="0" coveredconditionals="0" methods="2" coveredmethods="1"/>
      <line num="1" count="1" type="stmt"/>
      <line num="2" count="2" type="stmt"/>
      <line num="25" count="1" type="stmt"/>
    </file>
    <file name="main.tsx" path="C:\Users\Agil\Desktop\jest\advance-jest\src\main.tsx">
      <metrics statements="5" coveredstatements="0" conditionals="0" coveredconditionals="0" methods="0" coveredmethods="0"/>
      <line num="1" count="0" type="stmt"/>
      <line num="2" count="0" type="stmt"/>
      <line num="3" count="0" type="stmt"/>
      <line num="4" count="0" type="stmt"/>
      <line num="6" count="0" type="stmt"/>
    </file>
    <file name="vite-env.d.ts" path="C:\Users\Agil\Desktop\jest\advance-jest\src\vite-env.d.ts">
      <metrics statements="0" coveredstatements="0" conditionals="0" coveredconditionals="0" methods="0" coveredmethods="0"/>
    </file>
  </project>
</coverage>
