{"C:\\Users\\Agil\\Desktop\\jest\\advance-jest\\src\\App.tsx": {"path":"C:\\Users\\Agil\\Desktop\\jest\\advance-jest\\src\\App.tsx","statementMap":{"0":{"start":{"line":1,"column":0},"end":{"line":1,"column":44}},"1":{"start":{"line":2,"column":0},"end":{"line":2,"column":39}},"2":{"start":{"line":4,"column":12},"end":{"line":42,"column":1}},"3":{"start":{"line":5,"column":28},"end":{"line":5,"column":52}},"4":{"start":{"line":6,"column":2},"end":{"line":10,"column":9}},"5":{"start":{"line":7,"column":4},"end":{"line":9,"column":13}},"6":{"start":{"line":8,"column":6},"end":{"line":8,"column":21}},"7":{"start":{"line":11,"column":32},"end":{"line":11,"column":51}},"8":{"start":{"line":12,"column":36},"end":{"line":12,"column":60}},"9":{"start":{"line":13,"column":2},"end":{"line":41,"column":4}},"10":{"start":{"line":35,"column":29},"end":{"line":35,"column":52}},"11":{"start":{"line":39,"column":29},"end":{"line":39,"column":47}},"12":{"start":{"line":44,"column":0},"end":{"line":44,"column":19}}},"fnMap":{"0":{"name":"(anonymous_1)","decl":{"start":{"line":4,"column":12},"end":{"line":4,"column":15}},"loc":{"start":{"line":4,"column":17},"end":{"line":42,"column":1}}},"1":{"name":"(anonymous_2)","decl":{"start":{"line":6,"column":12},"end":{"line":6,"column":15}},"loc":{"start":{"line":6,"column":17},"end":{"line":10,"column":3}}},"2":{"name":"(anonymous_3)","decl":{"start":{"line":7,"column":15},"end":{"line":7,"column":18}},"loc":{"start":{"line":7,"column":20},"end":{"line":9,"column":5}}},"3":{"name":"(anonymous_4)","decl":{"start":{"line":30,"column":42},"end":{"line":30,"column":45}},"loc":{"start":{"line":30,"column":47},"end":{"line":30,"column":50}}},"4":{"name":"(anonymous_5)","decl":{"start":{"line":35,"column":23},"end":{"line":35,"column":26}},"loc":{"start":{"line":35,"column":29},"end":{"line":35,"column":52}}},"5":{"name":"(anonymous_6)","decl":{"start":{"line":39,"column":23},"end":{"line":39,"column":26}},"loc":{"start":{"line":39,"column":29},"end":{"line":39,"column":47}}}},"branchMap":{"0":{"loc":{"start":{"line":32,"column":7},"end":{"line":32,"column":42}},"type":"binary-expr","locations":[{"start":{"line":32,"column":7},"end":{"line":32,"column":12}},{"start":{"line":32,"column":16},"end":{"line":32,"column":42}}]}},"s":{"0":1,"1":1,"2":1,"3":8,"4":8,"5":6,"6":4,"7":8,"8":8,"9":8,"10":1,"11":0,"12":1},"f":{"0":8,"1":6,"2":4,"3":0,"4":1,"5":0},"b":{"0":[8,1]}}
,"C:\\Users\\Agil\\Desktop\\jest\\advance-jest\\src\\main.tsx": {"path":"C:\\Users\\Agil\\Desktop\\jest\\advance-jest\\src\\main.tsx","statementMap":{"0":{"start":{"line":1,"column":0},"end":{"line":1,"column":25}},"1":{"start":{"line":2,"column":0},"end":{"line":2,"column":39}},"2":{"start":{"line":3,"column":0},"end":{"line":3,"column":27}},"3":{"start":{"line":4,"column":0},"end":{"line":4,"column":20}},"4":{"start":{"line":6,"column":0},"end":{"line":10,"column":null}}},"fnMap":{},"branchMap":{},"s":{"0":0,"1":0,"2":0,"3":0,"4":0},"f":{},"b":{}}
,"C:\\Users\\Agil\\Desktop\\jest\\advance-jest\\src\\vite-env.d.ts": {"path":"C:\\Users\\Agil\\Desktop\\jest\\advance-jest\\src\\vite-env.d.ts","statementMap":{},"fnMap":{},"branchMap":{},"s":{},"f":{},"b":{}}
,"C:\\Users\\Agil\\Desktop\\jest\\advance-jest\\src\\components\\Modal\\index.tsx": {"path":"C:\\Users\\Agil\\Desktop\\jest\\advance-jest\\src\\components\\Modal\\index.tsx","statementMap":{"0":{"start":{"line":1,"column":0},"end":{"line":1,"column":34}},"1":{"start":{"line":2,"column":0},"end":{"line":2,"column":33}},"2":{"start":{"line":10,"column":30},"end":{"line":45,"column":1}},"3":{"start":{"line":11,"column":2},"end":{"line":18,"column":9}},"4":{"start":{"line":12,"column":29},"end":{"line":13,"column":48}},"5":{"start":{"line":13,"column":6},"end":{"line":13,"column":48}},"6":{"start":{"line":14,"column":4},"end":{"line":14,"column":64}},"7":{"start":{"line":15,"column":4},"end":{"line":17,"column":6}},"8":{"start":{"line":16,"column":6},"end":{"line":16,"column":69}},"9":{"start":{"line":21,"column":4},"end":{"line":23,"column":5}},"10":{"start":{"line":22,"column":6},"end":{"line":22,"column":21}},"11":{"start":{"line":25,"column":2},"end":{"line":30,"column":9}},"12":{"start":{"line":26,"column":4},"end":{"line":26,"column":62}},"13":{"start":{"line":27,"column":4},"end":{"line":29,"column":6}},"14":{"start":{"line":28,"column":6},"end":{"line":28,"column":67}},"15":{"start":{"line":31,"column":2},"end":{"line":31,"column":25}},"16":{"start":{"line":31,"column":13},"end":{"line":31,"column":25}},"17":{"start":{"line":33,"column":2},"end":{"line":44,"column":4}},"18":{"start":{"line":35,"column":46},"end":{"line":35,"column":60}},"19":{"start":{"line":37,"column":57},"end":{"line":37,"column":71}},"20":{"start":{"line":47,"column":0},"end":{"line":47,"column":21}}},"fnMap":{"0":{"name":"(anonymous_1)","decl":{"start":{"line":10,"column":30},"end":{"line":10,"column":31}},"loc":{"start":{"line":10,"column":62},"end":{"line":45,"column":1}}},"1":{"name":"(anonymous_2)","decl":{"start":{"line":11,"column":18},"end":{"line":11,"column":21}},"loc":{"start":{"line":11,"column":23},"end":{"line":18,"column":3}}},"2":{"name":"(anonymous_3)","decl":{"start":{"line":12,"column":29},"end":{"line":12,"column":30}},"loc":{"start":{"line":13,"column":6},"end":{"line":13,"column":48}}},"3":{"name":"(anonymous_4)","decl":{"start":{"line":15,"column":11},"end":{"line":15,"column":14}},"loc":{"start":{"line":15,"column":16},"end":{"line":17,"column":5}}},"4":{"name":"bodyClickHandler","decl":{"start":{"line":20,"column":11},"end":{"line":20,"column":27}},"loc":{"start":{"line":20,"column":41},"end":{"line":24,"column":3}}},"5":{"name":"(anonymous_6)","decl":{"start":{"line":25,"column":18},"end":{"line":25,"column":21}},"loc":{"start":{"line":25,"column":23},"end":{"line":30,"column":3}}},"6":{"name":"(anonymous_7)","decl":{"start":{"line":27,"column":11},"end":{"line":27,"column":14}},"loc":{"start":{"line":27,"column":16},"end":{"line":29,"column":5}}},"7":{"name":"(anonymous_8)","decl":{"start":{"line":35,"column":40},"end":{"line":35,"column":43}},"loc":{"start":{"line":35,"column":46},"end":{"line":35,"column":60}}},"8":{"name":"(anonymous_9)","decl":{"start":{"line":37,"column":51},"end":{"line":37,"column":54}},"loc":{"start":{"line":37,"column":57},"end":{"line":37,"column":71}}}},"branchMap":{"0":{"loc":{"start":{"line":13,"column":6},"end":{"line":13,"column":48}},"type":"cond-expr","locations":[{"start":{"line":13,"column":27},"end":{"line":13,"column":41}},{"start":{"line":13,"column":44},"end":{"line":13,"column":48}}]},"1":{"loc":{"start":{"line":21,"column":4},"end":{"line":23,"column":5}},"type":"if","locations":[{"start":{"line":21,"column":4},"end":{"line":23,"column":5}}]},"2":{"loc":{"start":{"line":31,"column":2},"end":{"line":31,"column":25}},"type":"if","locations":[{"start":{"line":31,"column":2},"end":{"line":31,"column":25}}]}},"s":{"0":2,"1":2,"2":2,"3":10,"4":8,"5":0,"6":8,"7":8,"8":8,"9":2,"10":0,"11":10,"12":8,"13":8,"14":8,"15":10,"16":8,"17":2,"18":0,"19":1,"20":2},"f":{"0":10,"1":8,"2":0,"3":8,"4":2,"5":8,"6":8,"7":0,"8":1},"b":{"0":[0,0],"1":[0],"2":[8]}}
}
