{"C:\\Users\\Agil\\Desktop\\jest\\advance-jest\\src\\App.tsx": {"path":"C:\\Users\\Agil\\Desktop\\jest\\advance-jest\\src\\App.tsx","statementMap":{"0":{"start":{"line":1,"column":12},"end":{"line":23,"column":1}},"1":{"start":{"line":2,"column":2},"end":{"line":22,"column":4}},"2":{"start":{"line":25,"column":0},"end":{"line":25,"column":19}}},"fnMap":{"0":{"name":"(anonymous_0)","decl":{"start":{"line":1,"column":12},"end":{"line":1,"column":15}},"loc":{"start":{"line":1,"column":17},"end":{"line":23,"column":1}}},"1":{"name":"(anonymous_1)","decl":{"start":{"line":19,"column":42},"end":{"line":19,"column":45}},"loc":{"start":{"line":19,"column":47},"end":{"line":19,"column":50}}}},"branchMap":{},"s":{"0":1,"1":2,"2":1},"f":{"0":2,"1":0},"b":{}}
,"C:\\Users\\Agil\\Desktop\\jest\\advance-jest\\src\\main.tsx": {"path":"C:\\Users\\Agil\\Desktop\\jest\\advance-jest\\src\\main.tsx","statementMap":{"0":{"start":{"line":1,"column":0},"end":{"line":1,"column":25}},"1":{"start":{"line":2,"column":0},"end":{"line":2,"column":39}},"2":{"start":{"line":3,"column":0},"end":{"line":3,"column":27}},"3":{"start":{"line":4,"column":0},"end":{"line":4,"column":20}},"4":{"start":{"line":6,"column":0},"end":{"line":10,"column":null}}},"fnMap":{},"branchMap":{},"s":{"0":0,"1":0,"2":0,"3":0,"4":0},"f":{},"b":{}}
,"C:\\Users\\Agil\\Desktop\\jest\\advance-jest\\src\\vite-env.d.ts": {"path":"C:\\Users\\Agil\\Desktop\\jest\\advance-jest\\src\\vite-env.d.ts","statementMap":{},"fnMap":{},"branchMap":{},"s":{},"f":{},"b":{}}
}
