TN:
SF:src\App.tsx
FN:4,(anonymous_1)
FN:6,(anonymous_2)
FN:7,(anonymous_3)
FN:30,(anonymous_4)
FN:35,(anonymous_5)
FN:39,(anonymous_6)
FNF:6
FNH:4
FNDA:8,(anonymous_1)
FNDA:6,(anonymous_2)
FNDA:4,(anonymous_3)
FNDA:0,(anonymous_4)
FNDA:1,(anonymous_5)
FNDA:0,(anonymous_6)
DA:1,1
DA:2,1
DA:4,1
DA:5,8
DA:6,8
DA:7,6
DA:8,4
DA:11,8
DA:12,8
DA:13,8
DA:35,1
DA:39,0
DA:44,1
LF:13
LH:12
BRDA:32,0,0,8
BRDA:32,0,1,1
BRF:2
BRH:2
end_of_record
TN:
SF:src\main.tsx
FNF:0
FNH:0
DA:1,0
DA:2,0
DA:3,0
DA:4,0
DA:6,0
LF:5
LH:0
BRF:0
BRH:0
end_of_record
TN:
SF:src\vite-env.d.ts
FNF:0
FNH:0
LF:0
LH:0
BRF:0
BRH:0
end_of_record
TN:
SF:src\components\Modal\index.tsx
FN:10,(anonymous_1)
FN:11,(anonymous_2)
FN:12,(anonymous_3)
FN:15,(anonymous_4)
FN:20,bodyClickHandler
FN:25,(anonymous_6)
FN:27,(anonymous_7)
FN:35,(anonymous_8)
FN:37,(anonymous_9)
FNF:9
FNH:7
FNDA:10,(anonymous_1)
FNDA:8,(anonymous_2)
FNDA:0,(anonymous_3)
FNDA:8,(anonymous_4)
FNDA:2,bodyClickHandler
FNDA:8,(anonymous_6)
FNDA:8,(anonymous_7)
FNDA:0,(anonymous_8)
FNDA:1,(anonymous_9)
DA:1,2
DA:2,2
DA:10,2
DA:11,10
DA:12,8
DA:13,0
DA:14,8
DA:15,8
DA:16,8
DA:21,2
DA:22,0
DA:25,10
DA:26,8
DA:27,8
DA:28,8
DA:31,10
DA:33,2
DA:35,0
DA:37,1
DA:47,2
LF:20
LH:17
BRDA:13,0,0,0
BRDA:13,0,1,0
BRDA:21,1,0,0
BRDA:31,2,0,8
BRF:4
BRH:1
end_of_record
